{"uuid":"464fbbb9-7fd7-43d4-82b9-87741121cb4b","historyId":"4ca402f912809aa58605b9de1a7e70ee","fullName":"tests.RegistrationTest.setUp","labels":[{"name":"package","value":"tests.RegistrationTest"},{"name":"testClass","value":"tests.RegistrationTest"},{"name":"testMethod","value":"setUp"},{"name":"parentSuite","value":"Test Suite"},{"name":"suite","value":"Playwright Tests"},{"name":"subSuite","value":"tests.RegistrationTest"},{"name":"host","value":"LAPTOP-8VII3GVS"},{"name":"thread","value":"1924@LAPTOP-8VII3GVS.main(1)"},{"name":"framework","value":"testng"},{"name":"language","value":"java"},{"name":"feature","value":"User Registration Form"},{"name":"epic","value":"Demo QA Form Automation"},{"name":"AS_ID","value":"-1"}],"links":[],"name":"setUp","status":"broken","statusDetails":{"known":false,"muted":false,"flaky":false,"message":"Error {\n  message='url: expected string, got undefined\n  name='Error\n  stack='Error: url: expected string, got undefined\n    at tString (C:\\Users\\varap\\AppData\\Local\\Temp\\playwright-java-3589730897686747886\\package\\lib\\protocol\\validatorPrimitives.js:58:9)\n    at C:\\Users\\varap\\AppData\\Local\\Temp\\playwright-java-3589730897686747886\\package\\lib\\protocol\\validatorPrimitives.js:107:21\n    at DispatcherConnection.dispatch (C:\\Users\\varap\\AppData\\Local\\Temp\\playwright-java-3589730897686747886\\package\\lib\\server\\dispatchers\\dispatcher.js:281:21)\n    at transport.onmessage (C:\\Users\\varap\\AppData\\Local\\Temp\\playwright-java-3589730897686747886\\package\\lib\\cli\\driver.js:52:57)\n    at Immediate._onImmediate (C:\\Users\\varap\\AppData\\Local\\Temp\\playwright-java-3589730897686747886\\package\\lib\\protocol\\transport.js:77:34)\n    at process.processImmediate (node:internal/timers:478:21)\n}","trace":"com.microsoft.playwright.PlaywrightException: Error {\n  message='url: expected string, got undefined\n  name='Error\n  stack='Error: url: expected string, got undefined\n    at tString (C:\\Users\\varap\\AppData\\Local\\Temp\\playwright-java-3589730897686747886\\package\\lib\\protocol\\validatorPrimitives.js:58:9)\n    at C:\\Users\\varap\\AppData\\Local\\Temp\\playwright-java-3589730897686747886\\package\\lib\\protocol\\validatorPrimitives.js:107:21\n    at DispatcherConnection.dispatch (C:\\Users\\varap\\AppData\\Local\\Temp\\playwright-java-3589730897686747886\\package\\lib\\server\\dispatchers\\dispatcher.js:281:21)\n    at transport.onmessage (C:\\Users\\varap\\AppData\\Local\\Temp\\playwright-java-3589730897686747886\\package\\lib\\cli\\driver.js:52:57)\n    at Immediate._onImmediate (C:\\Users\\varap\\AppData\\Local\\Temp\\playwright-java-3589730897686747886\\package\\lib\\protocol\\transport.js:77:34)\n    at process.processImmediate (node:internal/timers:478:21)\n}\r\n\tat com.microsoft.playwright.impl.WaitableResult.get(WaitableResult.java:56)\r\n\tat com.microsoft.playwright.impl.ChannelOwner.runUntil(ChannelOwner.java:120)\r\n\tat com.microsoft.playwright.impl.Connection.sendMessage(Connection.java:130)\r\n\tat com.microsoft.playwright.impl.ChannelOwner.sendMessage(ChannelOwner.java:106)\r\n\tat com.microsoft.playwright.impl.FrameImpl.navigateImpl(FrameImpl.java:463)\r\n\tat com.microsoft.playwright.impl.PageImpl.lambda$navigate$46(PageImpl.java:927)\r\n\tat com.microsoft.playwright.impl.LoggingSupport.withLogging(LoggingSupport.java:47)\r\n\tat com.microsoft.playwright.impl.ChannelOwner.withLogging(ChannelOwner.java:89)\r\n\tat com.microsoft.playwright.impl.PageImpl.navigate(PageImpl.java:927)\r\n\tat com.microsoft.playwright.impl.PageImpl.navigate(PageImpl.java:42)\r\n\tat com.microsoft.playwright.Page.navigate(Page.java:5530)\r\n\tat utils.PlaywrightManager.initialize(PlaywrightManager.java:30)\r\n\tat tests.RegistrationTest.setUp(RegistrationTest.java:23)\r\n\tat java.base/jdk.internal.reflect.DirectMethodHandleAccessor.invoke(DirectMethodHandleAccessor.java:104)\r\n\tat java.base/java.lang.reflect.Method.invoke(Method.java:577)\r\n\tat org.testng.internal.invokers.MethodInvocationHelper.invokeMethod(MethodInvocationHelper.java:141)\r\n\tat org.testng.internal.invokers.MethodInvocationHelper.invokeMethodConsideringTimeout(MethodInvocationHelper.java:71)\r\n\tat org.testng.internal.invokers.ConfigInvoker.invokeConfigurationMethod(ConfigInvoker.java:400)\r\n\tat org.testng.internal.invokers.ConfigInvoker.invokeConfigurations(ConfigInvoker.java:333)\r\n\tat org.testng.internal.invokers.TestMethodWorker.invokeBeforeClassMethods(TestMethodWorker.java:188)\r\n\tat org.testng.internal.invokers.TestMethodWorker.run(TestMethodWorker.java:128)\r\n\tat java.base/java.util.ArrayList.forEach(ArrayList.java:1511)\r\n\tat org.testng.TestRunner.privateRun(TestRunner.java:739)\r\n\tat org.testng.TestRunner.run(TestRunner.java:614)\r\n\tat org.testng.SuiteRunner.runTest(SuiteRunner.java:421)\r\n\tat org.testng.SuiteRunner.runSequentially(SuiteRunner.java:413)\r\n\tat org.testng.SuiteRunner.privateRun(SuiteRunner.java:373)\r\n\tat org.testng.SuiteRunner.run(SuiteRunner.java:312)\r\n\tat org.testng.SuiteRunnerWorker.runSuite(SuiteRunnerWorker.java:52)\r\n\tat org.testng.SuiteRunnerWorker.run(SuiteRunnerWorker.java:95)\r\n\tat org.testng.TestNG.runSuitesSequentially(TestNG.java:1274)\r\n\tat org.testng.TestNG.runSuitesLocally(TestNG.java:1208)\r\n\tat org.testng.TestNG.runSuites(TestNG.java:1112)\r\n\tat org.testng.TestNG.run(TestNG.java:1079)\r\n\tat org.apache.maven.surefire.testng.TestNGExecutor.run(TestNGExecutor.java:308)\r\n\tat org.apache.maven.surefire.testng.TestNGXmlTestSuite.execute(TestNGXmlTestSuite.java:71)\r\n\tat org.apache.maven.surefire.testng.TestNGProvider.invoke(TestNGProvider.java:113)\r\n\tat org.apache.maven.surefire.booter.ForkedBooter.runSuitesInProcess(ForkedBooter.java:385)\r\n\tat org.apache.maven.surefire.booter.ForkedBooter.execute(ForkedBooter.java:162)\r\n\tat org.apache.maven.surefire.booter.ForkedBooter.run(ForkedBooter.java:507)\r\n\tat org.apache.maven.surefire.booter.ForkedBooter.main(ForkedBooter.java:495)\r\nCaused by: com.microsoft.playwright.impl.DriverException: Error {\n  message='url: expected string, got undefined\n  name='Error\n  stack='Error: url: expected string, got undefined\n    at tString (C:\\Users\\varap\\AppData\\Local\\Temp\\playwright-java-3589730897686747886\\package\\lib\\protocol\\validatorPrimitives.js:58:9)\n    at C:\\Users\\varap\\AppData\\Local\\Temp\\playwright-java-3589730897686747886\\package\\lib\\protocol\\validatorPrimitives.js:107:21\n    at DispatcherConnection.dispatch (C:\\Users\\varap\\AppData\\Local\\Temp\\playwright-java-3589730897686747886\\package\\lib\\server\\dispatchers\\dispatcher.js:281:21)\n    at transport.onmessage (C:\\Users\\varap\\AppData\\Local\\Temp\\playwright-java-3589730897686747886\\package\\lib\\cli\\driver.js:52:57)\n    at Immediate._onImmediate (C:\\Users\\varap\\AppData\\Local\\Temp\\playwright-java-3589730897686747886\\package\\lib\\protocol\\transport.js:77:34)\n    at process.processImmediate (node:internal/timers:478:21)\n}\r\n\tat com.microsoft.playwright.impl.Connection.dispatch(Connection.java:259)\r\n\tat com.microsoft.playwright.impl.Connection.processOneMessage(Connection.java:211)\r\n\tat com.microsoft.playwright.impl.ChannelOwner.runUntil(ChannelOwner.java:118)\r\n\t... 39 more\r\n"},"stage":"finished","steps":[],"attachments":[],"parameters":[],"start":1753957740953,"stop":1753957740957}