{"uuid":"d7f9947a-9ff3-44ba-bff9-1cc1e9feb727","historyId":"89d483c9eb38dde3162acb52a0596720","fullName":"tests.RegistrationTest.testRegistrationForm","labels":[{"name":"package","value":"tests.RegistrationTest"},{"name":"testClass","value":"tests.RegistrationTest"},{"name":"testMethod","value":"testRegistrationForm"},{"name":"parentSuite","value":"Default suite"},{"name":"suite","value":"Default test"},{"name":"subSuite","value":"tests.RegistrationTest"},{"name":"host","value":"LAPTOP-8VII3GVS"},{"name":"thread","value":"20268@LAPTOP-8VII3GVS.main(1)"},{"name":"framework","value":"testng"},{"name":"language","value":"java"},{"name":"story","value":"User fills out the registration form and submits successfully"},{"name":"feature","value":"User Registration Form"},{"name":"epic","value":"Demo QA Form Automation"},{"name":"severity","value":"critical"}],"links":[],"name":"Verify registration form submission with valid data","status":"skipped","statusDetails":{"known":false,"muted":false,"flaky":false,"message":"Error {\n  message='url: expected string, got undefined\n  name='Error\n  stack='Error: url: expected string, got undefined\n    at tString (C:\\Users\\varap\\AppData\\Local\\Temp\\playwright-java-12773046908637491152\\package\\lib\\protocol\\validatorPrimitives.js:58:9)\n    at C:\\Users\\varap\\AppData\\Local\\Temp\\playwright-java-12773046908637491152\\package\\lib\\protocol\\validatorPrimitives.js:107:21\n    at DispatcherConnection.dispatch (C:\\Users\\varap\\AppData\\Local\\Temp\\playwright-java-12773046908637491152\\package\\lib\\server\\dispatchers\\dispatcher.js:281:21)\n    at transport.onmessage (C:\\Users\\varap\\AppData\\Local\\Temp\\playwright-java-12773046908637491152\\package\\lib\\cli\\driver.js:52:57)\n    at Immediate._onImmediate (C:\\Users\\varap\\AppData\\Local\\Temp\\playwright-java-12773046908637491152\\package\\lib\\protocol\\transport.js:77:34)\n    at process.processImmediate (node:internal/timers:478:21)\n}","trace":"com.microsoft.playwright.PlaywrightException: Error {\n  message='url: expected string, got undefined\n  name='Error\n  stack='Error: url: expected string, got undefined\n    at tString (C:\\Users\\varap\\AppData\\Local\\Temp\\playwright-java-12773046908637491152\\package\\lib\\protocol\\validatorPrimitives.js:58:9)\n    at C:\\Users\\varap\\AppData\\Local\\Temp\\playwright-java-12773046908637491152\\package\\lib\\protocol\\validatorPrimitives.js:107:21\n    at DispatcherConnection.dispatch (C:\\Users\\varap\\AppData\\Local\\Temp\\playwright-java-12773046908637491152\\package\\lib\\server\\dispatchers\\dispatcher.js:281:21)\n    at transport.onmessage (C:\\Users\\varap\\AppData\\Local\\Temp\\playwright-java-12773046908637491152\\package\\lib\\cli\\driver.js:52:57)\n    at Immediate._onImmediate (C:\\Users\\varap\\AppData\\Local\\Temp\\playwright-java-12773046908637491152\\package\\lib\\protocol\\transport.js:77:34)\n    at process.processImmediate (node:internal/timers:478:21)\n}\r\n\tat com.microsoft.playwright.impl.WaitableResult.get(WaitableResult.java:56)\r\n\tat com.microsoft.playwright.impl.ChannelOwner.runUntil(ChannelOwner.java:120)\r\n\tat com.microsoft.playwright.impl.Connection.sendMessage(Connection.java:130)\r\n\tat com.microsoft.playwright.impl.ChannelOwner.sendMessage(ChannelOwner.java:106)\r\n\tat com.microsoft.playwright.impl.FrameImpl.navigateImpl(FrameImpl.java:463)\r\n\tat com.microsoft.playwright.impl.PageImpl.lambda$navigate$46(PageImpl.java:927)\r\n\tat com.microsoft.playwright.impl.LoggingSupport.withLogging(LoggingSupport.java:47)\r\n\tat com.microsoft.playwright.impl.ChannelOwner.withLogging(ChannelOwner.java:89)\r\n\tat com.microsoft.playwright.impl.PageImpl.navigate(PageImpl.java:927)\r\n\tat com.microsoft.playwright.impl.PageImpl.navigate(PageImpl.java:42)\r\n\tat com.microsoft.playwright.Page.navigate(Page.java:5530)\r\n\tat utils.PlaywrightManager.initialize(PlaywrightManager.java:30)\r\n\tat tests.RegistrationTest.setUp(RegistrationTest.java:23)\r\n\tat java.base/jdk.internal.reflect.DirectMethodHandleAccessor.invoke(DirectMethodHandleAccessor.java:104)\r\n\tat java.base/java.lang.reflect.Method.invoke(Method.java:577)\r\n\tat org.testng.internal.MethodInvocationHelper.invokeMethod(MethodInvocationHelper.java:133)\r\n\tat org.testng.internal.MethodInvocationHelper.invokeMethodConsideringTimeout(MethodInvocationHelper.java:62)\r\n\tat org.testng.internal.ConfigInvoker.invokeConfigurationMethod(ConfigInvoker.java:385)\r\n\tat org.testng.internal.ConfigInvoker.invokeConfigurations(ConfigInvoker.java:321)\r\n\tat org.testng.internal.TestMethodWorker.invokeBeforeClassMethods(TestMethodWorker.java:176)\r\n\tat org.testng.internal.TestMethodWorker.run(TestMethodWorker.java:122)\r\n\tat java.base/java.util.ArrayList.forEach(ArrayList.java:1511)\r\n\tat org.testng.TestRunner.privateRun(TestRunner.java:794)\r\n\tat org.testng.TestRunner.run(TestRunner.java:596)\r\n\tat org.testng.SuiteRunner.runTest(SuiteRunner.java:377)\r\n\tat org.testng.SuiteRunner.runSequentially(SuiteRunner.java:371)\r\n\tat org.testng.SuiteRunner.privateRun(SuiteRunner.java:332)\r\n\tat org.testng.SuiteRunner.run(SuiteRunner.java:276)\r\n\tat org.testng.SuiteRunnerWorker.runSuite(SuiteRunnerWorker.java:53)\r\n\tat org.testng.SuiteRunnerWorker.run(SuiteRunnerWorker.java:96)\r\n\tat org.testng.TestNG.runSuitesSequentially(TestNG.java:1212)\r\n\tat org.testng.TestNG.runSuitesLocally(TestNG.java:1134)\r\n\tat org.testng.TestNG.runSuites(TestNG.java:1063)\r\n\tat org.testng.TestNG.run(TestNG.java:1031)\r\n\tat org.testng.remote.AbstractRemoteTestNG.run(AbstractRemoteTestNG.java:115)\r\n\tat org.testng.remote.RemoteTestNG.initAndRun(RemoteTestNG.java:251)\r\n\tat org.testng.remote.RemoteTestNG.main(RemoteTestNG.java:77)\r\nCaused by: com.microsoft.playwright.impl.DriverException: Error {\n  message='url: expected string, got undefined\n  name='Error\n  stack='Error: url: expected string, got undefined\n    at tString (C:\\Users\\varap\\AppData\\Local\\Temp\\playwright-java-12773046908637491152\\package\\lib\\protocol\\validatorPrimitives.js:58:9)\n    at C:\\Users\\varap\\AppData\\Local\\Temp\\playwright-java-12773046908637491152\\package\\lib\\protocol\\validatorPrimitives.js:107:21\n    at DispatcherConnection.dispatch (C:\\Users\\varap\\AppData\\Local\\Temp\\playwright-java-12773046908637491152\\package\\lib\\server\\dispatchers\\dispatcher.js:281:21)\n    at transport.onmessage (C:\\Users\\varap\\AppData\\Local\\Temp\\playwright-java-12773046908637491152\\package\\lib\\cli\\driver.js:52:57)\n    at Immediate._onImmediate (C:\\Users\\varap\\AppData\\Local\\Temp\\playwright-java-12773046908637491152\\package\\lib\\protocol\\transport.js:77:34)\n    at process.processImmediate (node:internal/timers:478:21)\n}\r\n\tat com.microsoft.playwright.impl.Connection.dispatch(Connection.java:259)\r\n\tat com.microsoft.playwright.impl.Connection.processOneMessage(Connection.java:211)\r\n\tat com.microsoft.playwright.impl.ChannelOwner.runUntil(ChannelOwner.java:118)\r\n\t... 35 more\r\n"},"stage":"finished","steps":[],"attachments":[],"parameters":[],"start":1753957841570,"stop":1753957841573}