<!DOCTYPE html PUBLIC "-//W3C//DTD XHTML 1.1//EN" "https://www.w3.org/TR/xhtml11/DTD/xhtml11.dtd">
<html xmlns="https://www.w3.org/1999/xhtml">
<head>
<meta http-equiv="content-type" content="text/html; charset=UTF-8"/>
<title>TestNG Report</title>
<style type="text/css">table {margin-bottom:10px;border-collapse:collapse;empty-cells:show}th,td {border:1px solid #009;padding:.25em .5em}th {vertical-align:bottom}td {vertical-align:top}table a {font-weight:bold}.stripe td {background-color: #E6EBF9}.num {text-align:right}.passedodd td {background-color: #3F3}.passedeven td {background-color: #0A0}.skippedodd td {background-color: #DDD}.skippedeven td {background-color: #CCC}.failedodd td,.attn {background-color: #F33}.failedeven td,.stripe .attn {background-color: #D00}.stacktrace {white-space:pre;font-family:monospace}.totop {font-size:85%;text-align:center;border-bottom:2px solid #000}.invisible {display:none}</style>
</head>
<body>
<table>
<tr><th>Test</th><th># Passed</th><th># Skipped</th><th># Retried</th><th># Failed</th><th>Time (ms)</th><th>Included Groups</th><th>Excluded Groups</th></tr>
<tr><th colspan="8">Default suite</th></tr>
<tr><td><a href="#t0">Default test</a></td><td class="num">0</td><td class="num">0</td><td class="num">0</td><td class="num attn">1</td><td class="num">5,840</td><td></td><td></td></tr>
</table>
<table id='summary'><thead><tr><th>Class</th><th>Method</th><th>Start</th><th>Time (ms)</th></tr></thead><tbody><tr><th colspan="4">Default suite</th></tr></tbody><tbody id="t0"><tr><th colspan="4">Default test &#8212; failed</th></tr><tr class="failedeven"><td rowspan="1">tests.OXO.OXO_ST_001_logIn2</td><td><a href="#m0">loginForm</a></td><td rowspan="1">1754296351182</td><td rowspan="1">55</td></tr></tbody>
</table>
<h2>Default test</h2><h3 id="m0">tests.OXO.OXO_ST_001_logIn2#loginForm</h3><table class="result"><tr class="param"><th>Parameter #1</th></tr><tr class="param stripe"><td>{Email=john@example.com, LastName=Doe, Mobile=9876543210, FirstName=John}</td></tr><tr><th>Exception</th></tr><tr><td><div class="stacktrace">com.microsoft.playwright.PlaywrightException: Error {
  message=&apos;Unexpected token &quot;&quot; while parsing selector &quot;&quot;
  name=&apos;Error
  stack=&apos;Error: Unexpected token &quot;&quot; while parsing selector &quot;&quot;
    at unexpected (C:\Users\varap\AppData\Local\Temp\playwright-java-578040191254366665\package\lib\utils\isomorphic\cssParser.js:68:12)
    at consumeSimpleSelector (C:\Users\varap\AppData\Local\Temp\playwright-java-578040191254366665\package\lib\utils\isomorphic\cssParser.js:211:51)
    at consumeComplexSelector (C:\Users\varap\AppData\Local\Temp\playwright-java-578040191254366665\package\lib\utils\isomorphic\cssParser.js:140:19)
    at consumeArgument (C:\Users\varap\AppData\Local\Temp\playwright-java-578040191254366665\package\lib\utils\isomorphic\cssParser.js:120:12)
    at consumeFunctionArguments (C:\Users\varap\AppData\Local\Temp\playwright-java-578040191254366665\package\lib\utils\isomorphic\cssParser.js:107:21)
    at parseCSS (C:\Users\varap\AppData\Local\Temp\playwright-java-578040191254366665\package\lib\utils\isomorphic\cssParser.js:228:18)
    at parseSelector (C:\Users\varap\AppData\Local\Temp\playwright-java-578040191254366665\package\lib\utils\isomorphic\selectorParser.js:50:49)
    at splitSelectorByFrame (C:\Users\varap\AppData\Local\Temp\playwright-java-578040191254366665\package\lib\utils\isomorphic\selectorParser.js:99:20)
    at FrameSelectors.resolveFrameForSelector (C:\Users\varap\AppData\Local\Temp\playwright-java-578040191254366665\package\lib\server\frameSelectors.js:110:66)
    at FrameSelectors.resolveInjectedForSelector (C:\Users\varap\AppData\Local\Temp\playwright-java-578040191254366665\package\lib\server\frameSelectors.js:152:33)
}
Call log:
- waiting for 

	at com.microsoft.playwright.impl.WaitableResult.get(WaitableResult.java:56)
	at com.microsoft.playwright.impl.ChannelOwner.runUntil(ChannelOwner.java:120)
	at com.microsoft.playwright.impl.Connection.sendMessage(Connection.java:130)
	at com.microsoft.playwright.impl.ChannelOwner.sendMessage(ChannelOwner.java:106)
	at com.microsoft.playwright.impl.FrameImpl.clickImpl(FrameImpl.java:252)
	at com.microsoft.playwright.impl.PageImpl.lambda$click$18(PageImpl.java:677)
	at com.microsoft.playwright.impl.LoggingSupport.lambda$withLogging$0(LoggingSupport.java:36)
	at com.microsoft.playwright.impl.LoggingSupport.withLogging(LoggingSupport.java:47)
	at com.microsoft.playwright.impl.ChannelOwner.withLogging(ChannelOwner.java:89)
	at com.microsoft.playwright.impl.LoggingSupport.withLogging(LoggingSupport.java:35)
	at com.microsoft.playwright.impl.PageImpl.click(PageImpl.java:676)
	at com.microsoft.playwright.Page.click(Page.java:3952)
	at pages.OXOHelper.decline_Cookies(OXOHelper.java:20)
	at tests.OXO.OXO_ST_001_logIn2.loginForm(OXO_ST_001_logIn2.java:52)
	at java.base/jdk.internal.reflect.DirectMethodHandleAccessor.invoke(DirectMethodHandleAccessor.java:104)
	at java.base/java.lang.reflect.Method.invoke(Method.java:577)
	at org.testng.internal.MethodInvocationHelper.invokeMethod(MethodInvocationHelper.java:133)
	at org.testng.internal.TestInvoker.invokeMethod(TestInvoker.java:598)
	at org.testng.internal.TestInvoker.invokeTestMethod(TestInvoker.java:173)
	at org.testng.internal.MethodRunner.runInSequence(MethodRunner.java:46)
	at org.testng.internal.TestInvoker$MethodInvocationAgent.invoke(TestInvoker.java:824)
	at org.testng.internal.TestInvoker.invokeTestMethods(TestInvoker.java:146)
	at org.testng.internal.TestMethodWorker.invokeTestMethods(TestMethodWorker.java:146)
	at org.testng.internal.TestMethodWorker.run(TestMethodWorker.java:128)
	at java.base/java.util.ArrayList.forEach(ArrayList.java:1511)
	at org.testng.TestRunner.privateRun(TestRunner.java:794)
	at org.testng.TestRunner.run(TestRunner.java:596)
	at org.testng.SuiteRunner.runTest(SuiteRunner.java:377)
	at org.testng.SuiteRunner.runSequentially(SuiteRunner.java:371)
	at org.testng.SuiteRunner.privateRun(SuiteRunner.java:332)
	at org.testng.SuiteRunner.run(SuiteRunner.java:276)
	at org.testng.SuiteRunnerWorker.runSuite(SuiteRunnerWorker.java:53)
	at org.testng.SuiteRunnerWorker.run(SuiteRunnerWorker.java:96)
	at org.testng.TestNG.runSuitesSequentially(TestNG.java:1212)
	at org.testng.TestNG.runSuitesLocally(TestNG.java:1134)
	at org.testng.TestNG.runSuites(TestNG.java:1063)
	at org.testng.TestNG.run(TestNG.java:1031)
	at org.testng.remote.AbstractRemoteTestNG.run(AbstractRemoteTestNG.java:115)
	at org.testng.remote.RemoteTestNG.initAndRun(RemoteTestNG.java:251)
	at org.testng.remote.RemoteTestNG.main(RemoteTestNG.java:77)
Caused by: com.microsoft.playwright.impl.DriverException: Error {
  message=&apos;Unexpected token &quot;&quot; while parsing selector &quot;&quot;
  name=&apos;Error
  stack=&apos;Error: Unexpected token &quot;&quot; while parsing selector &quot;&quot;
    at unexpected (C:\Users\varap\AppData\Local\Temp\playwright-java-578040191254366665\package\lib\utils\isomorphic\cssParser.js:68:12)
    at consumeSimpleSelector (C:\Users\varap\AppData\Local\Temp\playwright-java-578040191254366665\package\lib\utils\isomorphic\cssParser.js:211:51)
    at consumeComplexSelector (C:\Users\varap\AppData\Local\Temp\playwright-java-578040191254366665\package\lib\utils\isomorphic\cssParser.js:140:19)
    at consumeArgument (C:\Users\varap\AppData\Local\Temp\playwright-java-578040191254366665\package\lib\utils\isomorphic\cssParser.js:120:12)
    at consumeFunctionArguments (C:\Users\varap\AppData\Local\Temp\playwright-java-578040191254366665\package\lib\utils\isomorphic\cssParser.js:107:21)
    at parseCSS (C:\Users\varap\AppData\Local\Temp\playwright-java-578040191254366665\package\lib\utils\isomorphic\cssParser.js:228:18)
    at parseSelector (C:\Users\varap\AppData\Local\Temp\playwright-java-578040191254366665\package\lib\utils\isomorphic\selectorParser.js:50:49)
    at splitSelectorByFrame (C:\Users\varap\AppData\Local\Temp\playwright-java-578040191254366665\package\lib\utils\isomorphic\selectorParser.js:99:20)
    at FrameSelectors.resolveFrameForSelector (C:\Users\varap\AppData\Local\Temp\playwright-java-578040191254366665\package\lib\server\frameSelectors.js:110:66)
    at FrameSelectors.resolveInjectedForSelector (C:\Users\varap\AppData\Local\Temp\playwright-java-578040191254366665\package\lib\server\frameSelectors.js:152:33)
}
Call log:
- waiting for 

	at com.microsoft.playwright.impl.Connection.dispatch(Connection.java:259)
	at com.microsoft.playwright.impl.Connection.processOneMessage(Connection.java:211)
	at com.microsoft.playwright.impl.ChannelOwner.runUntil(ChannelOwner.java:118)
	... 38 more
</div></td></tr></table><p class="totop"><a href="#summary">back to summary</a></p>
</body>
</html>
