<?xml version="1.0" encoding="UTF-8"?>
<testng-results ignored="0" total="1" passed="0" failed="1" skipped="0">
  <reporter-output>
  </reporter-output>
  <suite started-at="2025-08-04T14:02:25 IST" name="Default suite" finished-at="2025-08-04T14:02:31 IST" duration-ms="5840">
    <groups>
    </groups>
    <test started-at="2025-08-04T14:02:25 IST" name="Default test" finished-at="2025-08-04T14:02:31 IST" duration-ms="5840">
      <class name="tests.OXO.OXO_ST_001_logIn2">
        <test-method is-config="true" signature="setupConfig()[pri:0, instance:tests.OXO.OXO_ST_001_logIn2@9816741]" started-at="2025-08-04T14:02:25 IST" name="setupConfig" finished-at="2025-08-04T14:02:28 IST" duration-ms="2582" status="PASS">
          <reporter-output>
          </reporter-output>
        </test-method> <!-- setupConfig -->
        <test-method is-config="true" signature="setup()[pri:0, instance:tests.OXO.OXO_ST_001_logIn2@9816741]" started-at="2025-08-04T14:02:29 IST" name="setup" finished-at="2025-08-04T14:02:31 IST" duration-ms="1928" status="PASS">
          <reporter-output>
          </reporter-output>
        </test-method> <!-- setup -->
        <test-method signature="loginForm(java.util.Map)[pri:0, instance:tests.OXO.OXO_ST_001_logIn2@9816741]" started-at="2025-08-04T14:02:31 IST" name="loginForm" description="Verify Login form submission with valid data" data-provider="Login" finished-at="2025-08-04T14:02:31 IST" duration-ms="55" status="FAIL">
          <params>
            <param index="0">
              <value>
                <![CDATA[{Email=john@example.com, LastName=Doe, Mobile=9876543210, FirstName=John}]]>
              </value>
            </param>
          </params>
          <exception class="com.microsoft.playwright.PlaywrightException">
            <message>
              <![CDATA[Error {
  message='Unexpected token "" while parsing selector ""
  name='Error
  stack='Error: Unexpected token "" while parsing selector ""
    at unexpected (C:\Users\varap\AppData\Local\Temp\playwright-java-578040191254366665\package\lib\utils\isomorphic\cssParser.js:68:12)
    at consumeSimpleSelector (C:\Users\varap\AppData\Local\Temp\playwright-java-578040191254366665\package\lib\utils\isomorphic\cssParser.js:211:51)
    at consumeComplexSelector (C:\Users\varap\AppData\Local\Temp\playwright-java-578040191254366665\package\lib\utils\isomorphic\cssParser.js:140:19)
    at consumeArgument (C:\Users\varap\AppData\Local\Temp\playwright-java-578040191254366665\package\lib\utils\isomorphic\cssParser.js:120:12)
    at consumeFunctionArguments (C:\Users\varap\AppData\Local\Temp\playwright-java-578040191254366665\package\lib\utils\isomorphic\cssParser.js:107:21)
    at parseCSS (C:\Users\varap\AppData\Local\Temp\playwright-java-578040191254366665\package\lib\utils\isomorphic\cssParser.js:228:18)
    at parseSelector (C:\Users\varap\AppData\Local\Temp\playwright-java-578040191254366665\package\lib\utils\isomorphic\selectorParser.js:50:49)
    at splitSelectorByFrame (C:\Users\varap\AppData\Local\Temp\playwright-java-578040191254366665\package\lib\utils\isomorphic\selectorParser.js:99:20)
    at FrameSelectors.resolveFrameForSelector (C:\Users\varap\AppData\Local\Temp\playwright-java-578040191254366665\package\lib\server\frameSelectors.js:110:66)
    at FrameSelectors.resolveInjectedForSelector (C:\Users\varap\AppData\Local\Temp\playwright-java-578040191254366665\package\lib\server\frameSelectors.js:152:33)
}
Call log:
- waiting for 
]]>
            </message>
            <full-stacktrace>
              <![CDATA[com.microsoft.playwright.PlaywrightException: Error {
  message='Unexpected token "" while parsing selector ""
  name='Error
  stack='Error: Unexpected token "" while parsing selector ""
    at unexpected (C:\Users\varap\AppData\Local\Temp\playwright-java-578040191254366665\package\lib\utils\isomorphic\cssParser.js:68:12)
    at consumeSimpleSelector (C:\Users\varap\AppData\Local\Temp\playwright-java-578040191254366665\package\lib\utils\isomorphic\cssParser.js:211:51)
    at consumeComplexSelector (C:\Users\varap\AppData\Local\Temp\playwright-java-578040191254366665\package\lib\utils\isomorphic\cssParser.js:140:19)
    at consumeArgument (C:\Users\varap\AppData\Local\Temp\playwright-java-578040191254366665\package\lib\utils\isomorphic\cssParser.js:120:12)
    at consumeFunctionArguments (C:\Users\varap\AppData\Local\Temp\playwright-java-578040191254366665\package\lib\utils\isomorphic\cssParser.js:107:21)
    at parseCSS (C:\Users\varap\AppData\Local\Temp\playwright-java-578040191254366665\package\lib\utils\isomorphic\cssParser.js:228:18)
    at parseSelector (C:\Users\varap\AppData\Local\Temp\playwright-java-578040191254366665\package\lib\utils\isomorphic\selectorParser.js:50:49)
    at splitSelectorByFrame (C:\Users\varap\AppData\Local\Temp\playwright-java-578040191254366665\package\lib\utils\isomorphic\selectorParser.js:99:20)
    at FrameSelectors.resolveFrameForSelector (C:\Users\varap\AppData\Local\Temp\playwright-java-578040191254366665\package\lib\server\frameSelectors.js:110:66)
    at FrameSelectors.resolveInjectedForSelector (C:\Users\varap\AppData\Local\Temp\playwright-java-578040191254366665\package\lib\server\frameSelectors.js:152:33)
}
Call log:
- waiting for 

at com.microsoft.playwright.impl.WaitableResult.get(WaitableResult.java:56)
at com.microsoft.playwright.impl.ChannelOwner.runUntil(ChannelOwner.java:120)
at com.microsoft.playwright.impl.Connection.sendMessage(Connection.java:130)
at com.microsoft.playwright.impl.ChannelOwner.sendMessage(ChannelOwner.java:106)
at com.microsoft.playwright.impl.FrameImpl.clickImpl(FrameImpl.java:252)
at com.microsoft.playwright.impl.PageImpl.lambda$click$18(PageImpl.java:677)
at com.microsoft.playwright.impl.LoggingSupport.lambda$withLogging$0(LoggingSupport.java:36)
at com.microsoft.playwright.impl.LoggingSupport.withLogging(LoggingSupport.java:47)
at com.microsoft.playwright.impl.ChannelOwner.withLogging(ChannelOwner.java:89)
at com.microsoft.playwright.impl.LoggingSupport.withLogging(LoggingSupport.java:35)
at com.microsoft.playwright.impl.PageImpl.click(PageImpl.java:676)
at com.microsoft.playwright.Page.click(Page.java:3952)
at pages.OXOHelper.decline_Cookies(OXOHelper.java:20)
at tests.OXO.OXO_ST_001_logIn2.loginForm(OXO_ST_001_logIn2.java:52)
at java.base/jdk.internal.reflect.DirectMethodHandleAccessor.invoke(DirectMethodHandleAccessor.java:104)
at java.base/java.lang.reflect.Method.invoke(Method.java:577)
at org.testng.internal.MethodInvocationHelper.invokeMethod(MethodInvocationHelper.java:133)
at org.testng.internal.TestInvoker.invokeMethod(TestInvoker.java:598)
at org.testng.internal.TestInvoker.invokeTestMethod(TestInvoker.java:173)
at org.testng.internal.MethodRunner.runInSequence(MethodRunner.java:46)
at org.testng.internal.TestInvoker$MethodInvocationAgent.invoke(TestInvoker.java:824)
at org.testng.internal.TestInvoker.invokeTestMethods(TestInvoker.java:146)
at org.testng.internal.TestMethodWorker.invokeTestMethods(TestMethodWorker.java:146)
at org.testng.internal.TestMethodWorker.run(TestMethodWorker.java:128)
at java.base/java.util.ArrayList.forEach(ArrayList.java:1511)
at org.testng.TestRunner.privateRun(TestRunner.java:794)
at org.testng.TestRunner.run(TestRunner.java:596)
at org.testng.SuiteRunner.runTest(SuiteRunner.java:377)
at org.testng.SuiteRunner.runSequentially(SuiteRunner.java:371)
at org.testng.SuiteRunner.privateRun(SuiteRunner.java:332)
at org.testng.SuiteRunner.run(SuiteRunner.java:276)
at org.testng.SuiteRunnerWorker.runSuite(SuiteRunnerWorker.java:53)
at org.testng.SuiteRunnerWorker.run(SuiteRunnerWorker.java:96)
at org.testng.TestNG.runSuitesSequentially(TestNG.java:1212)
at org.testng.TestNG.runSuitesLocally(TestNG.java:1134)
at org.testng.TestNG.runSuites(TestNG.java:1063)
at org.testng.TestNG.run(TestNG.java:1031)
at org.testng.remote.AbstractRemoteTestNG.run(AbstractRemoteTestNG.java:115)
at org.testng.remote.RemoteTestNG.initAndRun(RemoteTestNG.java:251)
at org.testng.remote.RemoteTestNG.main(RemoteTestNG.java:77)
Caused by: com.microsoft.playwright.impl.DriverException: Error {
  message='Unexpected token "" while parsing selector ""
  name='Error
  stack='Error: Unexpected token "" while parsing selector ""
    at unexpected (C:\Users\varap\AppData\Local\Temp\playwright-java-578040191254366665\package\lib\utils\isomorphic\cssParser.js:68:12)
    at consumeSimpleSelector (C:\Users\varap\AppData\Local\Temp\playwright-java-578040191254366665\package\lib\utils\isomorphic\cssParser.js:211:51)
    at consumeComplexSelector (C:\Users\varap\AppData\Local\Temp\playwright-java-578040191254366665\package\lib\utils\isomorphic\cssParser.js:140:19)
    at consumeArgument (C:\Users\varap\AppData\Local\Temp\playwright-java-578040191254366665\package\lib\utils\isomorphic\cssParser.js:120:12)
    at consumeFunctionArguments (C:\Users\varap\AppData\Local\Temp\playwright-java-578040191254366665\package\lib\utils\isomorphic\cssParser.js:107:21)
    at parseCSS (C:\Users\varap\AppData\Local\Temp\playwright-java-578040191254366665\package\lib\utils\isomorphic\cssParser.js:228:18)
    at parseSelector (C:\Users\varap\AppData\Local\Temp\playwright-java-578040191254366665\package\lib\utils\isomorphic\selectorParser.js:50:49)
    at splitSelectorByFrame (C:\Users\varap\AppData\Local\Temp\playwright-java-578040191254366665\package\lib\utils\isomorphic\selectorParser.js:99:20)
    at FrameSelectors.resolveFrameForSelector (C:\Users\varap\AppData\Local\Temp\playwright-java-578040191254366665\package\lib\server\frameSelectors.js:110:66)
    at FrameSelectors.resolveInjectedForSelector (C:\Users\varap\AppData\Local\Temp\playwright-java-578040191254366665\package\lib\server\frameSelectors.js:152:33)
}
Call log:
- waiting for 

at com.microsoft.playwright.impl.Connection.dispatch(Connection.java:259)
at com.microsoft.playwright.impl.Connection.processOneMessage(Connection.java:211)
at com.microsoft.playwright.impl.ChannelOwner.runUntil(ChannelOwner.java:118)
... 38 more
]]>
            </full-stacktrace>
          </exception> <!-- com.microsoft.playwright.PlaywrightException -->
          <reporter-output>
          </reporter-output>
        </test-method> <!-- loginForm -->
        <test-method is-config="true" signature="tearDown()[pri:0, instance:tests.OXO.OXO_ST_001_logIn2@9816741]" started-at="2025-08-04T14:02:31 IST" name="tearDown" finished-at="2025-08-04T14:02:31 IST" duration-ms="261" status="PASS">
          <reporter-output>
          </reporter-output>
        </test-method> <!-- tearDown -->
      </class> <!-- tests.OXO.OXO_ST_001_logIn2 -->
    </test> <!-- Default test -->
  </suite> <!-- Default suite -->
</testng-results>
