<?xml version="1.0" encoding="UTF-8"?>
<!-- Generated by org.testng.reporters.JUnitXMLReporter -->
<testsuite ignored="0" hostname="LAPTOP-8VII3GVS" failures="0" tests="1" name="Demo Test" time="4.878" errors="0" timestamp="2025-07-30T11:46:47 IST">
  <testcase classname="tests.RegistrationTest" name="@BeforeClass setUp" time="4.62">
    <failure type="com.microsoft.playwright.PlaywrightException" message="Error {
  message=&amp;apos;url: expected string, got undefined
  name=&amp;apos;Error
  stack=&amp;apos;Error: url: expected string, got undefined
    at tString (C:\Users\varap\AppData\Local\Temp\playwright-java-12314587603552213262\package\lib\protocol\validatorPrimitives.js:58:9)
    at C:\Users\varap\AppData\Local\Temp\playwright-java-12314587603552213262\package\lib\protocol\validatorPrimitives.js:107:21
    at DispatcherConnection.dispatch (C:\Users\varap\AppData\Local\Temp\playwright-java-12314587603552213262\package\lib\server\dispatchers\dispatcher.js:281:21)
    at transport.onmessage (C:\Users\varap\AppData\Local\Temp\playwright-java-12314587603552213262\package\lib\cli\driver.js:52:57)
    at Immediate._onImmediate (C:\Users\varap\AppData\Local\Temp\playwright-java-12314587603552213262\package\lib\protocol\transport.js:77:34)
    at process.processImmediate (node:internal/timers:478:21)
}">
      <![CDATA[com.microsoft.playwright.PlaywrightException: Error {
  message='url: expected string, got undefined
  name='Error
  stack='Error: url: expected string, got undefined
    at tString (C:\Users\varap\AppData\Local\Temp\playwright-java-12314587603552213262\package\lib\protocol\validatorPrimitives.js:58:9)
    at C:\Users\varap\AppData\Local\Temp\playwright-java-12314587603552213262\package\lib\protocol\validatorPrimitives.js:107:21
    at DispatcherConnection.dispatch (C:\Users\varap\AppData\Local\Temp\playwright-java-12314587603552213262\package\lib\server\dispatchers\dispatcher.js:281:21)
    at transport.onmessage (C:\Users\varap\AppData\Local\Temp\playwright-java-12314587603552213262\package\lib\cli\driver.js:52:57)
    at Immediate._onImmediate (C:\Users\varap\AppData\Local\Temp\playwright-java-12314587603552213262\package\lib\protocol\transport.js:77:34)
    at process.processImmediate (node:internal/timers:478:21)
}
at com.microsoft.playwright.impl.WaitableResult.get(WaitableResult.java:56)
at com.microsoft.playwright.impl.ChannelOwner.runUntil(ChannelOwner.java:120)
at com.microsoft.playwright.impl.Connection.sendMessage(Connection.java:130)
at com.microsoft.playwright.impl.ChannelOwner.sendMessage(ChannelOwner.java:106)
at com.microsoft.playwright.impl.FrameImpl.navigateImpl(FrameImpl.java:463)
at com.microsoft.playwright.impl.PageImpl.lambda$navigate$46(PageImpl.java:927)
at com.microsoft.playwright.impl.LoggingSupport.withLogging(LoggingSupport.java:47)
at com.microsoft.playwright.impl.ChannelOwner.withLogging(ChannelOwner.java:89)
at com.microsoft.playwright.impl.PageImpl.navigate(PageImpl.java:927)
at com.microsoft.playwright.impl.PageImpl.navigate(PageImpl.java:42)
at com.microsoft.playwright.Page.navigate(Page.java:5530)
at tests.RegistrationTest.setUp(RegistrationTest.java:30)
at java.base/java.util.ArrayList.forEach(ArrayList.java:1511)
Caused by: com.microsoft.playwright.impl.DriverException: Error {
  message='url: expected string, got undefined
  name='Error
  stack='Error: url: expected string, got undefined
    at tString (C:\Users\varap\AppData\Local\Temp\playwright-java-12314587603552213262\package\lib\protocol\validatorPrimitives.js:58:9)
    at C:\Users\varap\AppData\Local\Temp\playwright-java-12314587603552213262\package\lib\protocol\validatorPrimitives.js:107:21
    at DispatcherConnection.dispatch (C:\Users\varap\AppData\Local\Temp\playwright-java-12314587603552213262\package\lib\server\dispatchers\dispatcher.js:281:21)
    at transport.onmessage (C:\Users\varap\AppData\Local\Temp\playwright-java-12314587603552213262\package\lib\cli\driver.js:52:57)
    at Immediate._onImmediate (C:\Users\varap\AppData\Local\Temp\playwright-java-12314587603552213262\package\lib\protocol\transport.js:77:34)
    at process.processImmediate (node:internal/timers:478:21)
}
at com.microsoft.playwright.impl.Connection.dispatch(Connection.java:259)
at com.microsoft.playwright.impl.Connection.processOneMessage(Connection.java:211)
at com.microsoft.playwright.impl.ChannelOwner.runUntil(ChannelOwner.java:118)
... 36 more
... Removed 25 stack frames]]>
    </failure>
  </testcase> <!-- @BeforeClass setUp -->
  <testcase classname="tests.RegistrationTest" name="@AfterClass tearDown" time="-1.753856207235E9">
    <skipped/>
  </testcase> <!-- @AfterClass tearDown -->
  <testcase classname="tests.RegistrationTest" name="testRegistrationForm" time="0.0">
    <skipped/>
  </testcase> <!-- testRegistrationForm -->
</testsuite> <!-- Demo Test -->
