<html>
<head>
<title>TestNG:  Demo Test</title>
<link href="../testng.css" rel="stylesheet" type="text/css" />
<link href="../my-testng.css" rel="stylesheet" type="text/css" />

<style type="text/css">
.log { display: none;} 
.stack-trace { display: none;} 
</style>
<script type="text/javascript">
<!--
function flip(e) {
  current = e.style.display;
  if (current == 'block') {
    e.style.display = 'none';
    return 0;
  }
  else {
    e.style.display = 'block';
    return 1;
  }
}

function toggleBox(szDivId, elem, msg1, msg2)
{
  var res = -1;  if (document.getElementById) {
    res = flip(document.getElementById(szDivId));
  }
  else if (document.all) {
    // this is the way old msie versions work
    res = flip(document.all[szDivId]);
  }
  if(elem) {
    if(res == 0) elem.innerHTML = msg1; else elem.innerHTML = msg2;
  }

}

function toggleAllBoxes() {
  if (document.getElementsByTagName) {
    d = document.getElementsByTagName('div');
    for (i = 0; i < d.length; i++) {
      if (d[i].className == 'log') {
        flip(d[i]);
      }
    }
  }
}

// -->
</script>

</head>
<body>
<h2 align='center'>Demo Test</h2><table border='1' align="center">
<tr>
<td>Tests passed/Failed/Skipped:</td><td>0/0/1</td>
</tr><tr>
<td>Started on:</td><td>Wed Jul 30 11:46:42 IST 2025</td>
</tr>
<tr><td>Total time:</td><td>4 seconds (4878 ms)</td>
</tr><tr>
<td>Included groups:</td><td></td>
</tr><tr>
<td>Excluded groups:</td><td></td>
</tr>
</table><p/>
<small><i>(Hover the method name to see the test class name)</i></small><p/>
<table width='100%' border='1' class='invocation-failed'>
<tr><td colspan='4' align='center'><b>FAILED CONFIGURATIONS</b></td></tr>
<tr><td><b>Test method</b></td>
<td width="30%"><b>Exception</b></td>
<td width="10%"><b>Time (seconds)</b></td>
<td><b>Instance</b></td>
</tr>
<tr>
<td title='tests.RegistrationTest.setUp()'><b>setUp</b><br>Test class: tests.RegistrationTest</td>
<td><div><pre>com.microsoft.playwright.PlaywrightException: Error {
  message=&apos;url: expected string, got undefined
  name=&apos;Error
  stack=&apos;Error: url: expected string, got undefined
    at tString (C:\Users\varap\AppData\Local\Temp\playwright-java-12314587603552213262\package\lib\protocol\validatorPrimitives.js:58:9)
    at C:\Users\varap\AppData\Local\Temp\playwright-java-12314587603552213262\package\lib\protocol\validatorPrimitives.js:107:21
    at DispatcherConnection.dispatch (C:\Users\varap\AppData\Local\Temp\playwright-java-12314587603552213262\package\lib\server\dispatchers\dispatcher.js:281:21)
    at transport.onmessage (C:\Users\varap\AppData\Local\Temp\playwright-java-12314587603552213262\package\lib\cli\driver.js:52:57)
    at Immediate._onImmediate (C:\Users\varap\AppData\Local\Temp\playwright-java-12314587603552213262\package\lib\protocol\transport.js:77:34)
    at process.processImmediate (node:internal/timers:478:21)
}
	at com.microsoft.playwright.impl.WaitableResult.get(WaitableResult.java:56)
	at com.microsoft.playwright.impl.ChannelOwner.runUntil(ChannelOwner.java:120)
	at com.microsoft.playwright.impl.Connection.sendMessage(Connection.java:130)
	at com.microsoft.playwright.impl.ChannelOwner.sendMessage(ChannelOwner.java:106)
	at com.microsoft.playwright.impl.FrameImpl.navigateImpl(FrameImpl.java:463)
	at com.microsoft.playwright.impl.PageImpl.lambda$navigate$46(PageImpl.java:927)
	at com.microsoft.playwright.impl.LoggingSupport.withLogging(LoggingSupport.java:47)
	at com.microsoft.playwright.impl.ChannelOwner.withLogging(ChannelOwner.java:89)
	at com.microsoft.playwright.impl.PageImpl.navigate(PageImpl.java:927)
	at com.microsoft.playwright.impl.PageImpl.navigate(PageImpl.java:42)
	at com.microsoft.playwright.Page.navigate(Page.java:5530)
	at tests.RegistrationTest.setUp(RegistrationTest.java:30)
	at java.base/java.util.ArrayList.forEach(ArrayList.java:1511)
Caused by: com.microsoft.playwright.impl.DriverException: Error {
  message=&apos;url: expected string, got undefined
  name=&apos;Error
  stack=&apos;Error: url: expected string, got undefined
    at tString (C:\Users\varap\AppData\Local\Temp\playwright-java-12314587603552213262\package\lib\protocol\validatorPrimitives.js:58:9)
    at C:\Users\varap\AppData\Local\Temp\playwright-java-12314587603552213262\package\lib\protocol\validatorPrimitives.js:107:21
    at DispatcherConnection.dispatch (C:\Users\varap\AppData\Local\Temp\playwright-java-12314587603552213262\package\lib\server\dispatchers\dispatcher.js:281:21)
    at transport.onmessage (C:\Users\varap\AppData\Local\Temp\playwright-java-12314587603552213262\package\lib\cli\driver.js:52:57)
    at Immediate._onImmediate (C:\Users\varap\AppData\Local\Temp\playwright-java-12314587603552213262\package\lib\protocol\transport.js:77:34)
    at process.processImmediate (node:internal/timers:478:21)
}
	at com.microsoft.playwright.impl.Connection.dispatch(Connection.java:259)
	at com.microsoft.playwright.impl.Connection.processOneMessage(Connection.java:211)
	at com.microsoft.playwright.impl.ChannelOwner.runUntil(ChannelOwner.java:118)
	... 36 more
... Removed 25 stack frames</pre></div><a href='#' onClick='toggleBox("stack-trace1361817590", this, "Click to show all stack frames", "Click to hide stack frames")'>Click to show all stack frames</a>
<div class='stack-trace' id='stack-trace1361817590'><pre>com.microsoft.playwright.PlaywrightException: Error {
  message=&apos;url: expected string, got undefined
  name=&apos;Error
  stack=&apos;Error: url: expected string, got undefined
    at tString (C:\Users\varap\AppData\Local\Temp\playwright-java-12314587603552213262\package\lib\protocol\validatorPrimitives.js:58:9)
    at C:\Users\varap\AppData\Local\Temp\playwright-java-12314587603552213262\package\lib\protocol\validatorPrimitives.js:107:21
    at DispatcherConnection.dispatch (C:\Users\varap\AppData\Local\Temp\playwright-java-12314587603552213262\package\lib\server\dispatchers\dispatcher.js:281:21)
    at transport.onmessage (C:\Users\varap\AppData\Local\Temp\playwright-java-12314587603552213262\package\lib\cli\driver.js:52:57)
    at Immediate._onImmediate (C:\Users\varap\AppData\Local\Temp\playwright-java-12314587603552213262\package\lib\protocol\transport.js:77:34)
    at process.processImmediate (node:internal/timers:478:21)
}
	at com.microsoft.playwright.impl.WaitableResult.get(WaitableResult.java:56)
	at com.microsoft.playwright.impl.ChannelOwner.runUntil(ChannelOwner.java:120)
	at com.microsoft.playwright.impl.Connection.sendMessage(Connection.java:130)
	at com.microsoft.playwright.impl.ChannelOwner.sendMessage(ChannelOwner.java:106)
	at com.microsoft.playwright.impl.FrameImpl.navigateImpl(FrameImpl.java:463)
	at com.microsoft.playwright.impl.PageImpl.lambda$navigate$46(PageImpl.java:927)
	at com.microsoft.playwright.impl.LoggingSupport.withLogging(LoggingSupport.java:47)
	at com.microsoft.playwright.impl.ChannelOwner.withLogging(ChannelOwner.java:89)
	at com.microsoft.playwright.impl.PageImpl.navigate(PageImpl.java:927)
	at com.microsoft.playwright.impl.PageImpl.navigate(PageImpl.java:42)
	at com.microsoft.playwright.Page.navigate(Page.java:5530)
	at tests.RegistrationTest.setUp(RegistrationTest.java:30)
	at java.base/jdk.internal.reflect.NativeMethodAccessorImpl.invoke0(Native Method)
	at java.base/jdk.internal.reflect.NativeMethodAccessorImpl.invoke(NativeMethodAccessorImpl.java:78)
	at java.base/jdk.internal.reflect.DelegatingMethodAccessorImpl.invoke(DelegatingMethodAccessorImpl.java:43)
	at java.base/java.lang.reflect.Method.invoke(Method.java:567)
	at org.testng.internal.MethodInvocationHelper.invokeMethod(MethodInvocationHelper.java:133)
	at org.testng.internal.MethodInvocationHelper.invokeMethodConsideringTimeout(MethodInvocationHelper.java:62)
	at org.testng.internal.ConfigInvoker.invokeConfigurationMethod(ConfigInvoker.java:385)
	at org.testng.internal.ConfigInvoker.invokeConfigurations(ConfigInvoker.java:321)
	at org.testng.internal.TestMethodWorker.invokeBeforeClassMethods(TestMethodWorker.java:176)
	at org.testng.internal.TestMethodWorker.run(TestMethodWorker.java:122)
	at java.base/java.util.ArrayList.forEach(ArrayList.java:1511)
	at org.testng.TestRunner.privateRun(TestRunner.java:794)
	at org.testng.TestRunner.run(TestRunner.java:596)
	at org.testng.SuiteRunner.runTest(SuiteRunner.java:377)
	at org.testng.SuiteRunner.runSequentially(SuiteRunner.java:371)
	at org.testng.SuiteRunner.privateRun(SuiteRunner.java:332)
	at org.testng.SuiteRunner.run(SuiteRunner.java:276)
	at org.testng.SuiteRunnerWorker.runSuite(SuiteRunnerWorker.java:53)
	at org.testng.SuiteRunnerWorker.run(SuiteRunnerWorker.java:96)
	at org.testng.TestNG.runSuitesSequentially(TestNG.java:1212)
	at org.testng.TestNG.runSuitesLocally(TestNG.java:1134)
	at org.testng.TestNG.runSuites(TestNG.java:1063)
	at org.testng.TestNG.run(TestNG.java:1031)
	at org.testng.remote.AbstractRemoteTestNG.run(AbstractRemoteTestNG.java:115)
	at org.testng.remote.RemoteTestNG.initAndRun(RemoteTestNG.java:251)
	at org.testng.remote.RemoteTestNG.main(RemoteTestNG.java:77)
Caused by: com.microsoft.playwright.impl.DriverException: Error {
  message=&apos;url: expected string, got undefined
  name=&apos;Error
  stack=&apos;Error: url: expected string, got undefined
    at tString (C:\Users\varap\AppData\Local\Temp\playwright-java-12314587603552213262\package\lib\protocol\validatorPrimitives.js:58:9)
    at C:\Users\varap\AppData\Local\Temp\playwright-java-12314587603552213262\package\lib\protocol\validatorPrimitives.js:107:21
    at DispatcherConnection.dispatch (C:\Users\varap\AppData\Local\Temp\playwright-java-12314587603552213262\package\lib\server\dispatchers\dispatcher.js:281:21)
    at transport.onmessage (C:\Users\varap\AppData\Local\Temp\playwright-java-12314587603552213262\package\lib\cli\driver.js:52:57)
    at Immediate._onImmediate (C:\Users\varap\AppData\Local\Temp\playwright-java-12314587603552213262\package\lib\protocol\transport.js:77:34)
    at process.processImmediate (node:internal/timers:478:21)
}
	at com.microsoft.playwright.impl.Connection.dispatch(Connection.java:259)
	at com.microsoft.playwright.impl.Connection.processOneMessage(Connection.java:211)
	at com.microsoft.playwright.impl.ChannelOwner.runUntil(ChannelOwner.java:118)
	... 36 more
</pre></div></td>
<td>4</td>
<td>tests.RegistrationTest@18e36d14</td></tr>
</table><p>
<table width='100%' border='1' class='invocation-skipped'>
<tr><td colspan='4' align='center'><b>SKIPPED CONFIGURATIONS</b></td></tr>
<tr><td><b>Test method</b></td>
<td width="30%"><b>Exception</b></td>
<td width="10%"><b>Time (seconds)</b></td>
<td><b>Instance</b></td>
</tr>
<tr>
<td title='tests.RegistrationTest.tearDown()'><b>tearDown</b><br>Test class: tests.RegistrationTest</td>
<td></td>
<td>-1753856207</td>
<td>tests.RegistrationTest@18e36d14</td></tr>
</table><p>
<table width='100%' border='1' class='invocation-skipped'>
<tr><td colspan='4' align='center'><b>SKIPPED TESTS</b></td></tr>
<tr><td><b>Test method</b></td>
<td width="30%"><b>Exception</b></td>
<td width="10%"><b>Time (seconds)</b></td>
<td><b>Instance</b></td>
</tr>
<tr>
<td title='tests.RegistrationTest.testRegistrationForm()'><b>testRegistrationForm</b><br>Test class: tests.RegistrationTest<br>Test method: Verify registration form submission with valid data</td>
<td><div><pre>com.microsoft.playwright.PlaywrightException: Error {
  message=&apos;url: expected string, got undefined
  name=&apos;Error
  stack=&apos;Error: url: expected string, got undefined
    at tString (C:\Users\varap\AppData\Local\Temp\playwright-java-12314587603552213262\package\lib\protocol\validatorPrimitives.js:58:9)
    at C:\Users\varap\AppData\Local\Temp\playwright-java-12314587603552213262\package\lib\protocol\validatorPrimitives.js:107:21
    at DispatcherConnection.dispatch (C:\Users\varap\AppData\Local\Temp\playwright-java-12314587603552213262\package\lib\server\dispatchers\dispatcher.js:281:21)
    at transport.onmessage (C:\Users\varap\AppData\Local\Temp\playwright-java-12314587603552213262\package\lib\cli\driver.js:52:57)
    at Immediate._onImmediate (C:\Users\varap\AppData\Local\Temp\playwright-java-12314587603552213262\package\lib\protocol\transport.js:77:34)
    at process.processImmediate (node:internal/timers:478:21)
}
	at com.microsoft.playwright.impl.WaitableResult.get(WaitableResult.java:56)
	at com.microsoft.playwright.impl.ChannelOwner.runUntil(ChannelOwner.java:120)
	at com.microsoft.playwright.impl.Connection.sendMessage(Connection.java:130)
	at com.microsoft.playwright.impl.ChannelOwner.sendMessage(ChannelOwner.java:106)
	at com.microsoft.playwright.impl.FrameImpl.navigateImpl(FrameImpl.java:463)
	at com.microsoft.playwright.impl.PageImpl.lambda$navigate$46(PageImpl.java:927)
	at com.microsoft.playwright.impl.LoggingSupport.withLogging(LoggingSupport.java:47)
	at com.microsoft.playwright.impl.ChannelOwner.withLogging(ChannelOwner.java:89)
	at com.microsoft.playwright.impl.PageImpl.navigate(PageImpl.java:927)
	at com.microsoft.playwright.impl.PageImpl.navigate(PageImpl.java:42)
	at com.microsoft.playwright.Page.navigate(Page.java:5530)
	at tests.RegistrationTest.setUp(RegistrationTest.java:30)
	at java.base/java.util.ArrayList.forEach(ArrayList.java:1511)
Caused by: com.microsoft.playwright.impl.DriverException: Error {
  message=&apos;url: expected string, got undefined
  name=&apos;Error
  stack=&apos;Error: url: expected string, got undefined
    at tString (C:\Users\varap\AppData\Local\Temp\playwright-java-12314587603552213262\package\lib\protocol\validatorPrimitives.js:58:9)
    at C:\Users\varap\AppData\Local\Temp\playwright-java-12314587603552213262\package\lib\protocol\validatorPrimitives.js:107:21
    at DispatcherConnection.dispatch (C:\Users\varap\AppData\Local\Temp\playwright-java-12314587603552213262\package\lib\server\dispatchers\dispatcher.js:281:21)
    at transport.onmessage (C:\Users\varap\AppData\Local\Temp\playwright-java-12314587603552213262\package\lib\cli\driver.js:52:57)
    at Immediate._onImmediate (C:\Users\varap\AppData\Local\Temp\playwright-java-12314587603552213262\package\lib\protocol\transport.js:77:34)
    at process.processImmediate (node:internal/timers:478:21)
}
	at com.microsoft.playwright.impl.Connection.dispatch(Connection.java:259)
	at com.microsoft.playwright.impl.Connection.processOneMessage(Connection.java:211)
	at com.microsoft.playwright.impl.ChannelOwner.runUntil(ChannelOwner.java:118)
	... 36 more
... Removed 25 stack frames</pre></div><a href='#' onClick='toggleBox("stack-trace1151512955", this, "Click to show all stack frames", "Click to hide stack frames")'>Click to show all stack frames</a>
<div class='stack-trace' id='stack-trace1151512955'><pre>com.microsoft.playwright.PlaywrightException: Error {
  message=&apos;url: expected string, got undefined
  name=&apos;Error
  stack=&apos;Error: url: expected string, got undefined
    at tString (C:\Users\varap\AppData\Local\Temp\playwright-java-12314587603552213262\package\lib\protocol\validatorPrimitives.js:58:9)
    at C:\Users\varap\AppData\Local\Temp\playwright-java-12314587603552213262\package\lib\protocol\validatorPrimitives.js:107:21
    at DispatcherConnection.dispatch (C:\Users\varap\AppData\Local\Temp\playwright-java-12314587603552213262\package\lib\server\dispatchers\dispatcher.js:281:21)
    at transport.onmessage (C:\Users\varap\AppData\Local\Temp\playwright-java-12314587603552213262\package\lib\cli\driver.js:52:57)
    at Immediate._onImmediate (C:\Users\varap\AppData\Local\Temp\playwright-java-12314587603552213262\package\lib\protocol\transport.js:77:34)
    at process.processImmediate (node:internal/timers:478:21)
}
	at com.microsoft.playwright.impl.WaitableResult.get(WaitableResult.java:56)
	at com.microsoft.playwright.impl.ChannelOwner.runUntil(ChannelOwner.java:120)
	at com.microsoft.playwright.impl.Connection.sendMessage(Connection.java:130)
	at com.microsoft.playwright.impl.ChannelOwner.sendMessage(ChannelOwner.java:106)
	at com.microsoft.playwright.impl.FrameImpl.navigateImpl(FrameImpl.java:463)
	at com.microsoft.playwright.impl.PageImpl.lambda$navigate$46(PageImpl.java:927)
	at com.microsoft.playwright.impl.LoggingSupport.withLogging(LoggingSupport.java:47)
	at com.microsoft.playwright.impl.ChannelOwner.withLogging(ChannelOwner.java:89)
	at com.microsoft.playwright.impl.PageImpl.navigate(PageImpl.java:927)
	at com.microsoft.playwright.impl.PageImpl.navigate(PageImpl.java:42)
	at com.microsoft.playwright.Page.navigate(Page.java:5530)
	at tests.RegistrationTest.setUp(RegistrationTest.java:30)
	at java.base/jdk.internal.reflect.NativeMethodAccessorImpl.invoke0(Native Method)
	at java.base/jdk.internal.reflect.NativeMethodAccessorImpl.invoke(NativeMethodAccessorImpl.java:78)
	at java.base/jdk.internal.reflect.DelegatingMethodAccessorImpl.invoke(DelegatingMethodAccessorImpl.java:43)
	at java.base/java.lang.reflect.Method.invoke(Method.java:567)
	at org.testng.internal.MethodInvocationHelper.invokeMethod(MethodInvocationHelper.java:133)
	at org.testng.internal.MethodInvocationHelper.invokeMethodConsideringTimeout(MethodInvocationHelper.java:62)
	at org.testng.internal.ConfigInvoker.invokeConfigurationMethod(ConfigInvoker.java:385)
	at org.testng.internal.ConfigInvoker.invokeConfigurations(ConfigInvoker.java:321)
	at org.testng.internal.TestMethodWorker.invokeBeforeClassMethods(TestMethodWorker.java:176)
	at org.testng.internal.TestMethodWorker.run(TestMethodWorker.java:122)
	at java.base/java.util.ArrayList.forEach(ArrayList.java:1511)
	at org.testng.TestRunner.privateRun(TestRunner.java:794)
	at org.testng.TestRunner.run(TestRunner.java:596)
	at org.testng.SuiteRunner.runTest(SuiteRunner.java:377)
	at org.testng.SuiteRunner.runSequentially(SuiteRunner.java:371)
	at org.testng.SuiteRunner.privateRun(SuiteRunner.java:332)
	at org.testng.SuiteRunner.run(SuiteRunner.java:276)
	at org.testng.SuiteRunnerWorker.runSuite(SuiteRunnerWorker.java:53)
	at org.testng.SuiteRunnerWorker.run(SuiteRunnerWorker.java:96)
	at org.testng.TestNG.runSuitesSequentially(TestNG.java:1212)
	at org.testng.TestNG.runSuitesLocally(TestNG.java:1134)
	at org.testng.TestNG.runSuites(TestNG.java:1063)
	at org.testng.TestNG.run(TestNG.java:1031)
	at org.testng.remote.AbstractRemoteTestNG.run(AbstractRemoteTestNG.java:115)
	at org.testng.remote.RemoteTestNG.initAndRun(RemoteTestNG.java:251)
	at org.testng.remote.RemoteTestNG.main(RemoteTestNG.java:77)
Caused by: com.microsoft.playwright.impl.DriverException: Error {
  message=&apos;url: expected string, got undefined
  name=&apos;Error
  stack=&apos;Error: url: expected string, got undefined
    at tString (C:\Users\varap\AppData\Local\Temp\playwright-java-12314587603552213262\package\lib\protocol\validatorPrimitives.js:58:9)
    at C:\Users\varap\AppData\Local\Temp\playwright-java-12314587603552213262\package\lib\protocol\validatorPrimitives.js:107:21
    at DispatcherConnection.dispatch (C:\Users\varap\AppData\Local\Temp\playwright-java-12314587603552213262\package\lib\server\dispatchers\dispatcher.js:281:21)
    at transport.onmessage (C:\Users\varap\AppData\Local\Temp\playwright-java-12314587603552213262\package\lib\cli\driver.js:52:57)
    at Immediate._onImmediate (C:\Users\varap\AppData\Local\Temp\playwright-java-12314587603552213262\package\lib\protocol\transport.js:77:34)
    at process.processImmediate (node:internal/timers:478:21)
}
	at com.microsoft.playwright.impl.Connection.dispatch(Connection.java:259)
	at com.microsoft.playwright.impl.Connection.processOneMessage(Connection.java:211)
	at com.microsoft.playwright.impl.ChannelOwner.runUntil(ChannelOwner.java:118)
	... 36 more
</pre></div></td>
<td>0</td>
<td>tests.RegistrationTest@18e36d14</td></tr>
</table><p>
</body>
</html>