<?xml version="1.0" encoding="UTF-8"?>
<!-- Generated by org.testng.reporters.JUnitReportReporter -->
<testsuite hostname="LAPTOP-8VII3GVS" failures="0" tests="1" name="tests.OXO.OXO_ST_001_logIn2" time="2.244" errors="1" timestamp="2025-08-04T14:02:31 IST" skipped="0">
  <testcase classname="tests.OXO.OXO_ST_001_logIn2" name="loginForm" time="2.244">
    <error message="Error {
  message=&#039;Unexpected token &quot;&quot; while parsing selector &quot;&quot;
  name=&#039;Error
  stack=&#039;Error: Unexpected token &quot;&quot; while parsing selector &quot;&quot;
    at unexpected (C:\Users\varap\AppData\Local\Temp\playwright-java-578040191254366665\package\lib\utils\isomorphic\cssParser.js:68:12)
    at consumeSimpleSelector (C:\Users\varap\AppData\Local\Temp\playwright-java-578040191254366665\package\lib\utils\isomorphic\cssParser.js:211:51)
    at consumeComplexSelector (C:\Users\varap\AppData\Local\Temp\playwright-java-578040191254366665\package\lib\utils\isomorphic\cssParser.js:140:19)
    at consumeArgument (C:\Users\varap\AppData\Local\Temp\playwright-java-578040191254366665\package\lib\utils\isomorphic\cssParser.js:120:12)
    at consumeFunctionArguments (C:\Users\varap\AppData\Local\Temp\playwright-java-578040191254366665\package\lib\utils\isomorphic\cssParser.js:107:21)
    at parseCSS (C:\Users\varap\AppData\Local\Temp\playwright-java-578040191254366665\package\lib\utils\isomorphic\cssParser.js:228:18)
    at parseSelector (C:\Users\varap\AppData\Local\Temp\playwright-java-578040191254366665\package\lib\utils\isomorphic\selectorParser.js:50:49)
    at splitSelectorByFrame (C:\Users\varap\AppData\Local\Temp\playwright-java-578040191254366665\package\lib\utils\isomorphic\selectorParser.js:99:20)
    at FrameSelectors.resolveFrameForSelector (C:\Users\varap\AppData\Local\Temp\playwright-java-578040191254366665\package\lib\server\frameSelectors.js:110:66)
    at FrameSelectors.resolveInjectedForSelector (C:\Users\varap\AppData\Local\Temp\playwright-java-578040191254366665\package\lib\server\frameSelectors.js:152:33)
}
Call log:
- waiting for 
" type="com.microsoft.playwright.PlaywrightException">
      <![CDATA[com.microsoft.playwright.PlaywrightException: Error {
  message='Unexpected token "" while parsing selector ""
  name='Error
  stack='Error: Unexpected token "" while parsing selector ""
    at unexpected (C:\Users\varap\AppData\Local\Temp\playwright-java-578040191254366665\package\lib\utils\isomorphic\cssParser.js:68:12)
    at consumeSimpleSelector (C:\Users\varap\AppData\Local\Temp\playwright-java-578040191254366665\package\lib\utils\isomorphic\cssParser.js:211:51)
    at consumeComplexSelector (C:\Users\varap\AppData\Local\Temp\playwright-java-578040191254366665\package\lib\utils\isomorphic\cssParser.js:140:19)
    at consumeArgument (C:\Users\varap\AppData\Local\Temp\playwright-java-578040191254366665\package\lib\utils\isomorphic\cssParser.js:120:12)
    at consumeFunctionArguments (C:\Users\varap\AppData\Local\Temp\playwright-java-578040191254366665\package\lib\utils\isomorphic\cssParser.js:107:21)
    at parseCSS (C:\Users\varap\AppData\Local\Temp\playwright-java-578040191254366665\package\lib\utils\isomorphic\cssParser.js:228:18)
    at parseSelector (C:\Users\varap\AppData\Local\Temp\playwright-java-578040191254366665\package\lib\utils\isomorphic\selectorParser.js:50:49)
    at splitSelectorByFrame (C:\Users\varap\AppData\Local\Temp\playwright-java-578040191254366665\package\lib\utils\isomorphic\selectorParser.js:99:20)
    at FrameSelectors.resolveFrameForSelector (C:\Users\varap\AppData\Local\Temp\playwright-java-578040191254366665\package\lib\server\frameSelectors.js:110:66)
    at FrameSelectors.resolveInjectedForSelector (C:\Users\varap\AppData\Local\Temp\playwright-java-578040191254366665\package\lib\server\frameSelectors.js:152:33)
}
Call log:
- waiting for 

at com.microsoft.playwright.impl.WaitableResult.get(WaitableResult.java:56)
at com.microsoft.playwright.impl.ChannelOwner.runUntil(ChannelOwner.java:120)
at com.microsoft.playwright.impl.Connection.sendMessage(Connection.java:130)
at com.microsoft.playwright.impl.ChannelOwner.sendMessage(ChannelOwner.java:106)
at com.microsoft.playwright.impl.FrameImpl.clickImpl(FrameImpl.java:252)
at com.microsoft.playwright.impl.PageImpl.lambda$click$18(PageImpl.java:677)
at com.microsoft.playwright.impl.LoggingSupport.lambda$withLogging$0(LoggingSupport.java:36)
at com.microsoft.playwright.impl.LoggingSupport.withLogging(LoggingSupport.java:47)
at com.microsoft.playwright.impl.ChannelOwner.withLogging(ChannelOwner.java:89)
at com.microsoft.playwright.impl.LoggingSupport.withLogging(LoggingSupport.java:35)
at com.microsoft.playwright.impl.PageImpl.click(PageImpl.java:676)
at com.microsoft.playwright.Page.click(Page.java:3952)
at pages.OXOHelper.decline_Cookies(OXOHelper.java:20)
at tests.OXO.OXO_ST_001_logIn2.loginForm(OXO_ST_001_logIn2.java:52)
at java.base/jdk.internal.reflect.DirectMethodHandleAccessor.invoke(DirectMethodHandleAccessor.java:104)
at java.base/java.lang.reflect.Method.invoke(Method.java:577)
at org.testng.internal.MethodInvocationHelper.invokeMethod(MethodInvocationHelper.java:133)
at org.testng.internal.TestInvoker.invokeMethod(TestInvoker.java:598)
at org.testng.internal.TestInvoker.invokeTestMethod(TestInvoker.java:173)
at org.testng.internal.MethodRunner.runInSequence(MethodRunner.java:46)
at org.testng.internal.TestInvoker$MethodInvocationAgent.invoke(TestInvoker.java:824)
at org.testng.internal.TestInvoker.invokeTestMethods(TestInvoker.java:146)
at org.testng.internal.TestMethodWorker.invokeTestMethods(TestMethodWorker.java:146)
at org.testng.internal.TestMethodWorker.run(TestMethodWorker.java:128)
at java.base/java.util.ArrayList.forEach(ArrayList.java:1511)
at org.testng.TestRunner.privateRun(TestRunner.java:794)
at org.testng.TestRunner.run(TestRunner.java:596)
at org.testng.SuiteRunner.runTest(SuiteRunner.java:377)
at org.testng.SuiteRunner.runSequentially(SuiteRunner.java:371)
at org.testng.SuiteRunner.privateRun(SuiteRunner.java:332)
at org.testng.SuiteRunner.run(SuiteRunner.java:276)
at org.testng.SuiteRunnerWorker.runSuite(SuiteRunnerWorker.java:53)
at org.testng.SuiteRunnerWorker.run(SuiteRunnerWorker.java:96)
at org.testng.TestNG.runSuitesSequentially(TestNG.java:1212)
at org.testng.TestNG.runSuitesLocally(TestNG.java:1134)
at org.testng.TestNG.runSuites(TestNG.java:1063)
at org.testng.TestNG.run(TestNG.java:1031)
at org.testng.remote.AbstractRemoteTestNG.run(AbstractRemoteTestNG.java:115)
at org.testng.remote.RemoteTestNG.initAndRun(RemoteTestNG.java:251)
at org.testng.remote.RemoteTestNG.main(RemoteTestNG.java:77)
Caused by: com.microsoft.playwright.impl.DriverException: Error {
  message='Unexpected token "" while parsing selector ""
  name='Error
  stack='Error: Unexpected token "" while parsing selector ""
    at unexpected (C:\Users\varap\AppData\Local\Temp\playwright-java-578040191254366665\package\lib\utils\isomorphic\cssParser.js:68:12)
    at consumeSimpleSelector (C:\Users\varap\AppData\Local\Temp\playwright-java-578040191254366665\package\lib\utils\isomorphic\cssParser.js:211:51)
    at consumeComplexSelector (C:\Users\varap\AppData\Local\Temp\playwright-java-578040191254366665\package\lib\utils\isomorphic\cssParser.js:140:19)
    at consumeArgument (C:\Users\varap\AppData\Local\Temp\playwright-java-578040191254366665\package\lib\utils\isomorphic\cssParser.js:120:12)
    at consumeFunctionArguments (C:\Users\varap\AppData\Local\Temp\playwright-java-578040191254366665\package\lib\utils\isomorphic\cssParser.js:107:21)
    at parseCSS (C:\Users\varap\AppData\Local\Temp\playwright-java-578040191254366665\package\lib\utils\isomorphic\cssParser.js:228:18)
    at parseSelector (C:\Users\varap\AppData\Local\Temp\playwright-java-578040191254366665\package\lib\utils\isomorphic\selectorParser.js:50:49)
    at splitSelectorByFrame (C:\Users\varap\AppData\Local\Temp\playwright-java-578040191254366665\package\lib\utils\isomorphic\selectorParser.js:99:20)
    at FrameSelectors.resolveFrameForSelector (C:\Users\varap\AppData\Local\Temp\playwright-java-578040191254366665\package\lib\server\frameSelectors.js:110:66)
    at FrameSelectors.resolveInjectedForSelector (C:\Users\varap\AppData\Local\Temp\playwright-java-578040191254366665\package\lib\server\frameSelectors.js:152:33)
}
Call log:
- waiting for 

at com.microsoft.playwright.impl.Connection.dispatch(Connection.java:259)
at com.microsoft.playwright.impl.Connection.processOneMessage(Connection.java:211)
at com.microsoft.playwright.impl.ChannelOwner.runUntil(ChannelOwner.java:118)
... 38 more
]]>
    </error>
  </testcase> <!-- loginForm -->
  <system-out/>
</testsuite> <!-- tests.OXO.OXO_ST_001_logIn2 -->
